{
  "0 debug pnpm:scope": {
    "selected": 1,
    "workspacePrefix": "/home/mablin/Projects/github.com/mablin7/dp-builder-proto"
  },
  "1 debug pnpm:package-manifest": {
    "initial": {
      "name": "generate_types_from_schema",
      "version": "1.0.0",
      "scripts": {
        "install": "poetry install",
        "generate": "poetry run sh -c 'cd ../../ && python tools/generate_types_from_schema/generate.py'"
      }
    },
    "prefix": "/home/mablin/Projects/github.com/mablin7/dp-builder-proto/tools/generate_types_from_schema"
  },
  "2 debug pnpm:context": {
    "currentLockfileExists": false,
    "storeDir": "/home/mablin/.pnpm-store/v3",
    "virtualStoreDir": "/home/mablin/Projects/github.com/mablin7/dp-builder-proto/node_modules/.pnpm"
  },
  "3 debug pnpm:stage": {
    "prefix": "/home/mablin/Projects/github.com/mablin7/dp-builder-proto",
    "stage": "resolution_started"
  },
  "4 error pnpm": {
    "code": "ERR_PNPM_FETCH_404",
    "hint": "generate_types_from_schema is not in the npm registry, or you have no permission to fetch it.\n\nNo authorization header was set for the request.",
    "request": {
      "url": "https://registry.npmjs.org/generate_types_from_schema"
    },
    "response": {
      "size": 0,
      "timeout": 60000
    },
    "pkgName": "generate_types_from_schema",
    "pkgsStack": [],
    "err": {
      "name": "Error",
      "message": "GET https://registry.npmjs.org/generate_types_from_schema: Not Found - 404",
      "code": "ERR_PNPM_FETCH_404",
      "stack": "Error: GET https://registry.npmjs.org/generate_types_from_schema: Not Found - 404\n    at RetryOperation._fn (/usr/lib/node_modules/pnpm/dist/pnpm.cjs:79073:18)\n    at processTicksAndRejections (node:internal/process/task_queues:96:5)"
    }
  }
}